{"level":"info","message":"Build started at 2024-11-17T06:01:21.247Z","timestamp":"2024-11-17T06:01:21.248Z"}
{"level":"info","message":"Step \"initialization\" started","timestamp":"2024-11-17T06:01:21.251Z"}
{"level":"info","message":"Step \"initialization\" completed in 0ms","timestamp":"2024-11-17T06:01:21.251Z"}
{"level":"info","message":"Step \"cloud-scanning\" started","timestamp":"2024-11-17T06:01:21.251Z"}
{"level":"info","message":"Step \"cloud-scanning\" completed in 2ms","timestamp":"2024-11-17T06:01:21.253Z"}
{"level":"info","message":"Step \"results-processing\" started","timestamp":"2024-11-17T06:01:21.253Z"}
{"level":"info","message":"Step \"results-processing\" completed in 1ms","timestamp":"2024-11-17T06:01:21.254Z"}
{"level":"info","message":"Build completed in 8ms","timestamp":"2024-11-17T06:01:21.255Z"}
{"level":"info","message":"Build started at 2024-11-17T17:42:46.846Z","timestamp":"2024-11-17T17:42:46.846Z"}
{"level":"info","message":"Step \"initialization\" started","timestamp":"2024-11-17T17:42:46.857Z"}
{"level":"info","message":"Step \"initialization\" completed in 1ms","timestamp":"2024-11-17T17:42:46.858Z"}
{"level":"info","message":"Step \"cloud-scanning\" started","timestamp":"2024-11-17T17:42:46.859Z"}
{"level":"info","message":"Step \"cloud-scanning\" completed in 3ms","timestamp":"2024-11-17T17:42:46.862Z"}
{"level":"info","message":"Step \"results-processing\" started","timestamp":"2024-11-17T17:42:46.862Z"}
{"level":"info","message":"Step \"results-processing\" completed in 3ms","timestamp":"2024-11-17T17:42:46.865Z"}
{"level":"info","message":"Build completed in 20ms","timestamp":"2024-11-17T17:42:46.866Z"}
{"level":"info","message":"Build started at 2024-11-17T21:49:25.301Z","timestamp":"2024-11-17T21:49:25.301Z"}
{"level":"info","message":"Step \"initialization\" started","timestamp":"2024-11-17T21:49:25.304Z"}
{"level":"info","message":"Step \"initialization\" completed in 0ms","timestamp":"2024-11-17T21:49:25.304Z"}
{"level":"info","message":"Step \"cloud-scanning\" started","timestamp":"2024-11-17T21:49:25.304Z"}
{"level":"info","message":"Step \"cloud-scanning\" completed in 2ms","timestamp":"2024-11-17T21:49:25.306Z"}
{"level":"info","message":"Step \"results-processing\" started","timestamp":"2024-11-17T21:49:25.307Z"}
{"level":"info","message":"Step \"results-processing\" completed in 1ms","timestamp":"2024-11-17T21:49:25.308Z"}
{"level":"info","message":"Build completed in 7ms","timestamp":"2024-11-17T21:49:25.308Z"}
{"level":"info","message":"Build started at 2024-11-17T22:11:34.967Z","timestamp":"2024-11-17T22:11:34.967Z"}
{"level":"info","message":"Step \"initialization\" started","timestamp":"2024-11-17T22:11:34.970Z"}
{"level":"info","message":"Step \"initialization\" completed in 0ms","timestamp":"2024-11-17T22:11:34.970Z"}
{"level":"info","message":"Step \"cloud-scanning\" started","timestamp":"2024-11-17T22:11:34.971Z"}
{"level":"info","message":"Step \"cloud-scanning\" completed in 3ms","timestamp":"2024-11-17T22:11:34.973Z"}
{"level":"info","message":"Step \"results-processing\" started","timestamp":"2024-11-17T22:11:34.974Z"}
{"level":"info","message":"Step \"results-processing\" completed in 1ms","timestamp":"2024-11-17T22:11:34.975Z"}
{"level":"info","message":"Build completed in 8ms","timestamp":"2024-11-17T22:11:34.975Z"}
{"level":"info","message":"Build started at 2024-11-27T00:21:45.016Z","timestamp":"2024-11-27T00:21:45.016Z"}
{"level":"info","message":"Step \"initialization\" started","timestamp":"2024-11-27T00:21:45.020Z"}
{"level":"info","message":"Step \"initialization\" completed in 0ms","timestamp":"2024-11-27T00:21:45.020Z"}
{"level":"info","message":"Step \"cloud-scanning\" started","timestamp":"2024-11-27T00:21:45.021Z"}
{"level":"info","message":"Step \"cloud-scanning\" completed in 3ms","timestamp":"2024-11-27T00:21:45.024Z"}
{"level":"info","message":"Step \"results-processing\" started","timestamp":"2024-11-27T00:21:45.024Z"}
{"level":"info","message":"Step \"results-processing\" completed in 2ms","timestamp":"2024-11-27T00:21:45.026Z"}
{"level":"info","message":"Build completed in 11ms","timestamp":"2024-11-27T00:21:45.027Z"}
{"level":"info","message":"Build started at 2024-11-29T22:29:23.416Z","timestamp":"2024-11-29T22:29:23.417Z"}
{"level":"info","message":"Step \"initialization\" started","timestamp":"2024-11-29T22:29:23.419Z"}
{"level":"info","message":"Step \"initialization\" completed in 1ms","timestamp":"2024-11-29T22:29:23.420Z"}
{"level":"info","message":"Step \"cloud-scanning\" started","timestamp":"2024-11-29T22:29:23.420Z"}
{"level":"info","message":"Step \"cloud-scanning\" completed in 3ms","timestamp":"2024-11-29T22:29:23.423Z"}
{"level":"info","message":"Step \"results-processing\" started","timestamp":"2024-11-29T22:29:23.423Z"}
{"level":"info","message":"Step \"results-processing\" completed in 1ms","timestamp":"2024-11-29T22:29:23.424Z"}
{"level":"info","message":"Build completed in 9ms","timestamp":"2024-11-29T22:29:23.425Z"}
{"level":"info","message":"Build started at 2024-11-30T05:37:14.888Z","timestamp":"2024-11-30T05:37:14.888Z"}
{"level":"info","message":"Step \"initialization\" started","timestamp":"2024-11-30T05:37:14.891Z"}
{"level":"info","message":"Step \"initialization\" completed in 1ms","timestamp":"2024-11-30T05:37:14.892Z"}
{"level":"info","message":"Step \"cloud-scanning\" started","timestamp":"2024-11-30T05:37:14.893Z"}
{"level":"info","message":"Step \"cloud-scanning\" completed in 2ms","timestamp":"2024-11-30T05:37:14.895Z"}
{"level":"info","message":"Step \"results-processing\" started","timestamp":"2024-11-30T05:37:14.895Z"}
{"level":"info","message":"Step \"results-processing\" completed in 1ms","timestamp":"2024-11-30T05:37:14.896Z"}
{"level":"info","message":"Build completed in 9ms","timestamp":"2024-11-30T05:37:14.897Z"}
{"level":"info","message":"Build started at 2024-11-30T05:39:21.509Z","timestamp":"2024-11-30T05:39:21.510Z"}
{"level":"info","message":"Step \"initialization\" started","timestamp":"2024-11-30T05:39:21.514Z"}
{"level":"info","message":"Step \"initialization\" completed in 0ms","timestamp":"2024-11-30T05:39:21.514Z"}
{"level":"info","message":"Step \"cloud-scanning\" started","timestamp":"2024-11-30T05:39:21.514Z"}
{"level":"info","message":"Step \"cloud-scanning\" completed in 2ms","timestamp":"2024-11-30T05:39:21.516Z"}
{"level":"info","message":"Step \"results-processing\" started","timestamp":"2024-11-30T05:39:21.517Z"}
{"level":"info","message":"Step \"results-processing\" completed in 1ms","timestamp":"2024-11-30T05:39:21.518Z"}
{"level":"info","message":"Build completed in 9ms","timestamp":"2024-11-30T05:39:21.518Z"}
{"level":"info","message":"Build started at 2024-11-30T05:40:26.995Z","timestamp":"2024-11-30T05:40:26.996Z"}
{"level":"info","message":"Step \"initialization\" started","timestamp":"2024-11-30T05:40:26.998Z"}
{"level":"info","message":"Step \"initialization\" completed in 1ms","timestamp":"2024-11-30T05:40:26.999Z"}
{"level":"info","message":"Step \"cloud-scanning\" started","timestamp":"2024-11-30T05:40:26.999Z"}
{"level":"info","message":"Step \"cloud-scanning\" completed in 3ms","timestamp":"2024-11-30T05:40:27.003Z"}
{"level":"info","message":"Step \"results-processing\" started","timestamp":"2024-11-30T05:40:27.003Z"}
{"level":"info","message":"Step \"results-processing\" completed in 2ms","timestamp":"2024-11-30T05:40:27.005Z"}
{"level":"info","message":"Build completed in 11ms","timestamp":"2024-11-30T05:40:27.006Z"}
